Error c:\music\UmphreysMcGee2016-04-29.FirstAveMplsMN_BerlinerCardioid\2016-04-29FriUmphreysMcGeeFirstAveBerliner24_s1_tr01.mp3:
MPEG audio header not found.
   at TagLib.File.Create(IFileAbstraction abstraction, String mimetype, ReadStyle propertiesStyle)
   at TagLib.File.Create(String path, String mimetype, ReadStyle propertiesStyle)
   at TagLib.File.Create(String path)
   at musicmeta.MediaFile..ctor(String file) in c:\temp\teststuff\musicmeta\musicmeta\MediaFile.cs:line 34
Error c:\music\UmphreysMcGee2016-04-29.FirstAveMplsMN_BerlinerCardioid\2016-04-29FriUmphreysMcGeeFirstAveBerliner24_s1_tr01.ogg:
Error reading page header
   at TagLib.File.Create(IFileAbstraction abstraction, String mimetype, ReadStyle propertiesStyle)
   at TagLib.File.Create(String path, String mimetype, ReadStyle propertiesStyle)
   at TagLib.File.Create(String path)
   at musicmeta.MediaFile..ctor(String file) in c:\temp\teststuff\musicmeta\musicmeta\MediaFile.cs:line 34
Error c:\music\UmphreysMcGee2016-04-29.FirstAveMplsMN_BerlinerCardioid\2016-04-29FriUmphreysMcGeeFirstAveBerliner24_s1_tr02.mp3:
MPEG audio header not found.
   at TagLib.File.Create(IFileAbstraction abstraction, String mimetype, ReadStyle propertiesStyle)
   at TagLib.File.Create(String path, String mimetype, ReadStyle propertiesStyle)
   at TagLib.File.Create(String path)
   at musicmeta.MediaFile..ctor(String file) in c:\temp\teststuff\musicmeta\musicmeta\MediaFile.cs:line 34
Error c:\music\UmphreysMcGee2016-04-29.FirstAveMplsMN_BerlinerCardioid\2016-04-29FriUmphreysMcGeeFirstAveBerliner24_s1_tr02.ogg:
Error reading page header
   at TagLib.File.Create(IFileAbstraction abstraction, String mimetype, ReadStyle propertiesStyle)
   at TagLib.File.Create(String path, String mimetype, ReadStyle propertiesStyle)
   at TagLib.File.Create(String path)
   at musicmeta.MediaFile..ctor(String file) in c:\temp\teststuff\musicmeta\musicmeta\MediaFile.cs:line 34
Error c:\music\UmphreysMcGee2016-04-29.FirstAveMplsMN_BerlinerCardioid\2016-04-29FriUmphreysMcGeeFirstAveBerliner24_s1_tr03.mp3:
MPEG audio header not found.
   at TagLib.File.Create(IFileAbstraction abstraction, String mimetype, ReadStyle propertiesStyle)
   at TagLib.File.Create(String path, String mimetype, ReadStyle propertiesStyle)
   at TagLib.File.Create(String path)
   at musicmeta.MediaFile..ctor(String file) in c:\temp\teststuff\musicmeta\musicmeta\MediaFile.cs:line 34
Error c:\music\UmphreysMcGee2016-04-29.FirstAveMplsMN_BerlinerCardioid\2016-04-29FriUmphreysMcGeeFirstAveBerliner24_s1_tr03.ogg:
Error reading page header
   at TagLib.File.Create(IFileAbstraction abstraction, String mimetype, ReadStyle propertiesStyle)
   at TagLib.File.Create(String path, String mimetype, ReadStyle propertiesStyle)
   at TagLib.File.Create(String path)
   at musicmeta.MediaFile..ctor(String file) in c:\temp\teststuff\musicmeta\musicmeta\MediaFile.cs:line 34
Error c:\music\UmphreysMcGee2016-04-29.FirstAveMplsMN_BerlinerCardioid\2016-04-29FriUmphreysMcGeeFirstAveBerliner24_s1_tr04.mp3:
MPEG audio header not found.
   at TagLib.File.Create(IFileAbstraction abstraction, String mimetype, ReadStyle propertiesStyle)
   at TagLib.File.Create(String path, String mimetype, ReadStyle propertiesStyle)
   at TagLib.File.Create(String path)
   at musicmeta.MediaFile..ctor(String file) in c:\temp\teststuff\musicmeta\musicmeta\MediaFile.cs:line 34
Error c:\music\UmphreysMcGee2016-04-29.FirstAveMplsMN_BerlinerCardioid\2016-04-29FriUmphreysMcGeeFirstAveBerliner24_s1_tr04.ogg:
Error reading page header
   at TagLib.File.Create(IFileAbstraction abstraction, String mimetype, ReadStyle propertiesStyle)
   at TagLib.File.Create(String path, String mimetype, ReadStyle propertiesStyle)
   at TagLib.File.Create(String path)
   at musicmeta.MediaFile..ctor(String file) in c:\temp\teststuff\musicmeta\musicmeta\MediaFile.cs:line 34
Error c:\music\UmphreysMcGee2016-04-29.FirstAveMplsMN_BerlinerCardioid\2016-04-29FriUmphreysMcGeeFirstAveBerliner24_s1_tr05.mp3:
MPEG audio header not found.
   at TagLib.File.Create(IFileAbstraction abstraction, String mimetype, ReadStyle propertiesStyle)
   at TagLib.File.Create(String path, String mimetype, ReadStyle propertiesStyle)
   at TagLib.File.Create(String path)
   at musicmeta.MediaFile..ctor(String file) in c:\temp\teststuff\musicmeta\musicmeta\MediaFile.cs:line 34
Error c:\music\UmphreysMcGee2016-04-29.FirstAveMplsMN_BerlinerCardioid\2016-04-29FriUmphreysMcGeeFirstAveBerliner24_s1_tr05.ogg:
Error reading page header
   at TagLib.File.Create(IFileAbstraction abstraction, String mimetype, ReadStyle propertiesStyle)
   at TagLib.File.Create(String path, String mimetype, ReadStyle propertiesStyle)
   at TagLib.File.Create(String path)
   at musicmeta.MediaFile..ctor(String file) in c:\temp\teststuff\musicmeta\musicmeta\MediaFile.cs:line 34
Error c:\music\UmphreysMcGee2016-04-29.FirstAveMplsMN_BerlinerCardioid\2016-04-29FriUmphreysMcGeeFirstAveBerliner24_s1_tr06.mp3:
MPEG audio header not found.
   at TagLib.File.Create(IFileAbstraction abstraction, String mimetype, ReadStyle propertiesStyle)
   at TagLib.File.Create(String path, String mimetype, ReadStyle propertiesStyle)
   at TagLib.File.Create(String path)
   at musicmeta.MediaFile..ctor(String file) in c:\temp\teststuff\musicmeta\musicmeta\MediaFile.cs:line 34
Error c:\music\UmphreysMcGee2016-04-29.FirstAveMplsMN_BerlinerCardioid\2016-04-29FriUmphreysMcGeeFirstAveBerliner24_s1_tr06.ogg:
Error reading page header
   at TagLib.File.Create(IFileAbstraction abstraction, String mimetype, ReadStyle propertiesStyle)
   at TagLib.File.Create(String path, String mimetype, ReadStyle propertiesStyle)
   at TagLib.File.Create(String path)
   at musicmeta.MediaFile..ctor(String file) in c:\temp\teststuff\musicmeta\musicmeta\MediaFile.cs:line 34
Error c:\music\UmphreysMcGee2016-04-29.FirstAveMplsMN_BerlinerCardioid\2016-04-29FriUmphreysMcGeeFirstAveBerliner24_s1_tr07.mp3:
MPEG audio header not found.
   at TagLib.File.Create(IFileAbstraction abstraction, String mimetype, ReadStyle propertiesStyle)
   at TagLib.File.Create(String path, String mimetype, ReadStyle propertiesStyle)
   at TagLib.File.Create(String path)
   at musicmeta.MediaFile..ctor(String file) in c:\temp\teststuff\musicmeta\musicmeta\MediaFile.cs:line 34
Error c:\music\UmphreysMcGee2016-04-29.FirstAveMplsMN_BerlinerCardioid\2016-04-29FriUmphreysMcGeeFirstAveBerliner24_s1_tr07.ogg:
Error reading page header
   at TagLib.File.Create(IFileAbstraction abstraction, String mimetype, ReadStyle propertiesStyle)
   at TagLib.File.Create(String path, String mimetype, ReadStyle propertiesStyle)
   at TagLib.File.Create(String path)
   at musicmeta.MediaFile..ctor(String file) in c:\temp\teststuff\musicmeta\musicmeta\MediaFile.cs:line 34
Error c:\music\UmphreysMcGee2016-04-29.FirstAveMplsMN_BerlinerCardioid\2016-04-29FriUmphreysMcGeeFirstAveBerliner24_s2_tr01.mp3:
MPEG audio header not found.
   at TagLib.File.Create(IFileAbstraction abstraction, String mimetype, ReadStyle propertiesStyle)
   at TagLib.File.Create(String path, String mimetype, ReadStyle propertiesStyle)
   at TagLib.File.Create(String path)
   at musicmeta.MediaFile..ctor(String file) in c:\temp\teststuff\musicmeta\musicmeta\MediaFile.cs:line 34
Error c:\music\UmphreysMcGee2016-04-29.FirstAveMplsMN_BerlinerCardioid\2016-04-29FriUmphreysMcGeeFirstAveBerliner24_s2_tr01.ogg:
Error reading page header
   at TagLib.File.Create(IFileAbstraction abstraction, String mimetype, ReadStyle propertiesStyle)
   at TagLib.File.Create(String path, String mimetype, ReadStyle propertiesStyle)
   at TagLib.File.Create(String path)
   at musicmeta.MediaFile..ctor(String file) in c:\temp\teststuff\musicmeta\musicmeta\MediaFile.cs:line 34
Error c:\music\UmphreysMcGee2016-04-29.FirstAveMplsMN_BerlinerCardioid\2016-04-29FriUmphreysMcGeeFirstAveBerliner24_s2_tr02.mp3:
MPEG audio header not found.
   at TagLib.File.Create(IFileAbstraction abstraction, String mimetype, ReadStyle propertiesStyle)
   at TagLib.File.Create(String path, String mimetype, ReadStyle propertiesStyle)
   at TagLib.File.Create(String path)
   at musicmeta.MediaFile..ctor(String file) in c:\temp\teststuff\musicmeta\musicmeta\MediaFile.cs:line 34
Error c:\music\UmphreysMcGee2016-04-29.FirstAveMplsMN_BerlinerCardioid\2016-04-29FriUmphreysMcGeeFirstAveBerliner24_s2_tr02.ogg:
Error reading page header
   at TagLib.File.Create(IFileAbstraction abstraction, String mimetype, ReadStyle propertiesStyle)
   at TagLib.File.Create(String path, String mimetype, ReadStyle propertiesStyle)
   at TagLib.File.Create(String path)
   at musicmeta.MediaFile..ctor(String file) in c:\temp\teststuff\musicmeta\musicmeta\MediaFile.cs:line 34
Error c:\music\UmphreysMcGee2016-04-29.FirstAveMplsMN_BerlinerCardioid\2016-04-29FriUmphreysMcGeeFirstAveBerliner24_s2_tr03.mp3:
MPEG audio header not found.
   at TagLib.File.Create(IFileAbstraction abstraction, String mimetype, ReadStyle propertiesStyle)
   at TagLib.File.Create(String path, String mimetype, ReadStyle propertiesStyle)
   at TagLib.File.Create(String path)
   at musicmeta.MediaFile..ctor(String file) in c:\temp\teststuff\musicmeta\musicmeta\MediaFile.cs:line 34
Error c:\music\UmphreysMcGee2016-04-29.FirstAveMplsMN_BerlinerCardioid\2016-04-29FriUmphreysMcGeeFirstAveBerliner24_s2_tr03.ogg:
Error reading page header
   at TagLib.File.Create(IFileAbstraction abstraction, String mimetype, ReadStyle propertiesStyle)
   at TagLib.File.Create(String path, String mimetype, ReadStyle propertiesStyle)
   at TagLib.File.Create(String path)
   at musicmeta.MediaFile..ctor(String file) in c:\temp\teststuff\musicmeta\musicmeta\MediaFile.cs:line 34
Error c:\music\UmphreysMcGee2016-04-29.FirstAveMplsMN_BerlinerCardioid\2016-04-29FriUmphreysMcGeeFirstAveBerliner24_s2_tr04.mp3:
MPEG audio header not found.
   at TagLib.File.Create(IFileAbstraction abstraction, String mimetype, ReadStyle propertiesStyle)
   at TagLib.File.Create(String path, String mimetype, ReadStyle propertiesStyle)
   at TagLib.File.Create(String path)
   at musicmeta.MediaFile..ctor(String file) in c:\temp\teststuff\musicmeta\musicmeta\MediaFile.cs:line 34
Error c:\music\UmphreysMcGee2016-04-29.FirstAveMplsMN_BerlinerCardioid\2016-04-29FriUmphreysMcGeeFirstAveBerliner24_s2_tr04.ogg:
Error reading page header
   at TagLib.File.Create(IFileAbstraction abstraction, String mimetype, ReadStyle propertiesStyle)
   at TagLib.File.Create(String path, String mimetype, ReadStyle propertiesStyle)
   at TagLib.File.Create(String path)
   at musicmeta.MediaFile..ctor(String file) in c:\temp\teststuff\musicmeta\musicmeta\MediaFile.cs:line 34
Error c:\music\UmphreysMcGee2016-04-29.FirstAveMplsMN_BerlinerCardioid\2016-04-29FriUmphreysMcGeeFirstAveBerliner24_s2_tr05.mp3:
MPEG audio header not found.
   at TagLib.File.Create(IFileAbstraction abstraction, String mimetype, ReadStyle propertiesStyle)
   at TagLib.File.Create(String path, String mimetype, ReadStyle propertiesStyle)
   at TagLib.File.Create(String path)
   at musicmeta.MediaFile..ctor(String file) in c:\temp\teststuff\musicmeta\musicmeta\MediaFile.cs:line 34
Error c:\music\UmphreysMcGee2016-04-29.FirstAveMplsMN_BerlinerCardioid\2016-04-29FriUmphreysMcGeeFirstAveBerliner24_s2_tr05.ogg:
Error reading page header
   at TagLib.File.Create(IFileAbstraction abstraction, String mimetype, ReadStyle propertiesStyle)
   at TagLib.File.Create(String path, String mimetype, ReadStyle propertiesStyle)
   at TagLib.File.Create(String path)
   at musicmeta.MediaFile..ctor(String file) in c:\temp\teststuff\musicmeta\musicmeta\MediaFile.cs:line 34
Error c:\music\UmphreysMcGee2016-04-29.FirstAveMplsMN_BerlinerCardioid\2016-04-29FriUmphreysMcGeeFirstAveBerliner24_s2_tr06.mp3:
MPEG audio header not found.
   at TagLib.File.Create(IFileAbstraction abstraction, String mimetype, ReadStyle propertiesStyle)
   at TagLib.File.Create(String path, String mimetype, ReadStyle propertiesStyle)
   at TagLib.File.Create(String path)
   at musicmeta.MediaFile..ctor(String file) in c:\temp\teststuff\musicmeta\musicmeta\MediaFile.cs:line 34
Error c:\music\UmphreysMcGee2016-04-29.FirstAveMplsMN_BerlinerCardioid\2016-04-29FriUmphreysMcGeeFirstAveBerliner24_s2_tr06.ogg:
Error reading page header
   at TagLib.File.Create(IFileAbstraction abstraction, String mimetype, ReadStyle propertiesStyle)
   at TagLib.File.Create(String path, String mimetype, ReadStyle propertiesStyle)
   at TagLib.File.Create(String path)
   at musicmeta.MediaFile..ctor(String file) in c:\temp\teststuff\musicmeta\musicmeta\MediaFile.cs:line 34
Error c:\music\UmphreysMcGee2016-04-29.FirstAveMplsMN_BerlinerCardioid\2016-04-29FriUmphreysMcGeeFirstAveBerliner24_s2_tr07.mp3:
MPEG audio header not found.
   at TagLib.File.Create(IFileAbstraction abstraction, String mimetype, ReadStyle propertiesStyle)
   at TagLib.File.Create(String path, String mimetype, ReadStyle propertiesStyle)
   at TagLib.File.Create(String path)
   at musicmeta.MediaFile..ctor(String file) in c:\temp\teststuff\musicmeta\musicmeta\MediaFile.cs:line 34
Error c:\music\UmphreysMcGee2016-04-29.FirstAveMplsMN_BerlinerCardioid\2016-04-29FriUmphreysMcGeeFirstAveBerliner24_s2_tr07.ogg:
Error reading page header
   at TagLib.File.Create(IFileAbstraction abstraction, String mimetype, ReadStyle propertiesStyle)
   at TagLib.File.Create(String path, String mimetype, ReadStyle propertiesStyle)
   at TagLib.File.Create(String path)
   at musicmeta.MediaFile..ctor(String file) in c:\temp\teststuff\musicmeta\musicmeta\MediaFile.cs:line 34
Error c:\music\UmphreysMcGee2016-04-29.FirstAveMplsMN_BerlinerCardioid\2016-04-29FriUmphreysMcGeeFirstAveBerliner24_s2_tr08.mp3:
MPEG audio header not found.
   at TagLib.File.Create(IFileAbstraction abstraction, String mimetype, ReadStyle propertiesStyle)
   at TagLib.File.Create(String path, String mimetype, ReadStyle propertiesStyle)
   at TagLib.File.Create(String path)
   at musicmeta.MediaFile..ctor(String file) in c:\temp\teststuff\musicmeta\musicmeta\MediaFile.cs:line 34
Error c:\music\UmphreysMcGee2016-04-29.FirstAveMplsMN_BerlinerCardioid\2016-04-29FriUmphreysMcGeeFirstAveBerliner24_s2_tr08.ogg:
Error reading page header
   at TagLib.File.Create(IFileAbstraction abstraction, String mimetype, ReadStyle propertiesStyle)
   at TagLib.File.Create(String path, String mimetype, ReadStyle propertiesStyle)
   at TagLib.File.Create(String path)
   at musicmeta.MediaFile..ctor(String file) in c:\temp\teststuff\musicmeta\musicmeta\MediaFile.cs:line 34
Error c:\music\UmphreysMcGee2016-04-29.FirstAveMplsMN_BerlinerCardioid\2016-04-29FriUmphreysMcGeeFirstAveBerliner24_s1_tr01.mp3:
MPEG audio header not found.
   at TagLib.File.Create(IFileAbstraction abstraction, String mimetype, ReadStyle propertiesStyle)
   at TagLib.File.Create(String path, String mimetype, ReadStyle propertiesStyle)
   at TagLib.File.Create(String path)
   at musicmeta.MediaFile..ctor(String file) in c:\temp\teststuff\musicmeta\musicmeta\MediaFile.cs:line 34
Error c:\music\UmphreysMcGee2016-04-29.FirstAveMplsMN_BerlinerCardioid\2016-04-29FriUmphreysMcGeeFirstAveBerliner24_s1_tr01.ogg:
Error reading page header
   at TagLib.File.Create(IFileAbstraction abstraction, String mimetype, ReadStyle propertiesStyle)
   at TagLib.File.Create(String path, String mimetype, ReadStyle propertiesStyle)
   at TagLib.File.Create(String path)
   at musicmeta.MediaFile..ctor(String file) in c:\temp\teststuff\musicmeta\musicmeta\MediaFile.cs:line 34
Error c:\music\UmphreysMcGee2016-04-29.FirstAveMplsMN_BerlinerCardioid\2016-04-29FriUmphreysMcGeeFirstAveBerliner24_s1_tr02.mp3:
MPEG audio header not found.
   at TagLib.File.Create(IFileAbstraction abstraction, String mimetype, ReadStyle propertiesStyle)
   at TagLib.File.Create(String path, String mimetype, ReadStyle propertiesStyle)
   at TagLib.File.Create(String path)
   at musicmeta.MediaFile..ctor(String file) in c:\temp\teststuff\musicmeta\musicmeta\MediaFile.cs:line 34
Error c:\music\UmphreysMcGee2016-04-29.FirstAveMplsMN_BerlinerCardioid\2016-04-29FriUmphreysMcGeeFirstAveBerliner24_s1_tr02.ogg:
Error reading page header
   at TagLib.File.Create(IFileAbstraction abstraction, String mimetype, ReadStyle propertiesStyle)
   at TagLib.File.Create(String path, String mimetype, ReadStyle propertiesStyle)
   at TagLib.File.Create(String path)
   at musicmeta.MediaFile..ctor(String file) in c:\temp\teststuff\musicmeta\musicmeta\MediaFile.cs:line 34
Error c:\music\UmphreysMcGee2016-04-29.FirstAveMplsMN_BerlinerCardioid\2016-04-29FriUmphreysMcGeeFirstAveBerliner24_s1_tr03.mp3:
MPEG audio header not found.
   at TagLib.File.Create(IFileAbstraction abstraction, String mimetype, ReadStyle propertiesStyle)
   at TagLib.File.Create(String path, String mimetype, ReadStyle propertiesStyle)
   at TagLib.File.Create(String path)
   at musicmeta.MediaFile..ctor(String file) in c:\temp\teststuff\musicmeta\musicmeta\MediaFile.cs:line 34
Error c:\music\UmphreysMcGee2016-04-29.FirstAveMplsMN_BerlinerCardioid\2016-04-29FriUmphreysMcGeeFirstAveBerliner24_s1_tr03.ogg:
Error reading page header
   at TagLib.File.Create(IFileAbstraction abstraction, String mimetype, ReadStyle propertiesStyle)
   at TagLib.File.Create(String path, String mimetype, ReadStyle propertiesStyle)
   at TagLib.File.Create(String path)
   at musicmeta.MediaFile..ctor(String file) in c:\temp\teststuff\musicmeta\musicmeta\MediaFile.cs:line 34
Error c:\music\UmphreysMcGee2016-04-29.FirstAveMplsMN_BerlinerCardioid\2016-04-29FriUmphreysMcGeeFirstAveBerliner24_s1_tr04.mp3:
MPEG audio header not found.
   at TagLib.File.Create(IFileAbstraction abstraction, String mimetype, ReadStyle propertiesStyle)
   at TagLib.File.Create(String path, String mimetype, ReadStyle propertiesStyle)
   at TagLib.File.Create(String path)
   at musicmeta.MediaFile..ctor(String file) in c:\temp\teststuff\musicmeta\musicmeta\MediaFile.cs:line 34
Error c:\music\UmphreysMcGee2016-04-29.FirstAveMplsMN_BerlinerCardioid\2016-04-29FriUmphreysMcGeeFirstAveBerliner24_s1_tr04.ogg:
Error reading page header
   at TagLib.File.Create(IFileAbstraction abstraction, String mimetype, ReadStyle propertiesStyle)
   at TagLib.File.Create(String path, String mimetype, ReadStyle propertiesStyle)
   at TagLib.File.Create(String path)
   at musicmeta.MediaFile..ctor(String file) in c:\temp\teststuff\musicmeta\musicmeta\MediaFile.cs:line 34
Error c:\music\UmphreysMcGee2016-04-29.FirstAveMplsMN_BerlinerCardioid\2016-04-29FriUmphreysMcGeeFirstAveBerliner24_s1_tr05.mp3:
MPEG audio header not found.
   at TagLib.File.Create(IFileAbstraction abstraction, String mimetype, ReadStyle propertiesStyle)
   at TagLib.File.Create(String path, String mimetype, ReadStyle propertiesStyle)
   at TagLib.File.Create(String path)
   at musicmeta.MediaFile..ctor(String file) in c:\temp\teststuff\musicmeta\musicmeta\MediaFile.cs:line 34
Error c:\music\UmphreysMcGee2016-04-29.FirstAveMplsMN_BerlinerCardioid\2016-04-29FriUmphreysMcGeeFirstAveBerliner24_s1_tr05.ogg:
Error reading page header
   at TagLib.File.Create(IFileAbstraction abstraction, String mimetype, ReadStyle propertiesStyle)
   at TagLib.File.Create(String path, String mimetype, ReadStyle propertiesStyle)
   at TagLib.File.Create(String path)
   at musicmeta.MediaFile..ctor(String file) in c:\temp\teststuff\musicmeta\musicmeta\MediaFile.cs:line 34
Error c:\music\UmphreysMcGee2016-04-29.FirstAveMplsMN_BerlinerCardioid\2016-04-29FriUmphreysMcGeeFirstAveBerliner24_s1_tr06.mp3:
MPEG audio header not found.
   at TagLib.File.Create(IFileAbstraction abstraction, String mimetype, ReadStyle propertiesStyle)
   at TagLib.File.Create(String path, String mimetype, ReadStyle propertiesStyle)
   at TagLib.File.Create(String path)
   at musicmeta.MediaFile..ctor(String file) in c:\temp\teststuff\musicmeta\musicmeta\MediaFile.cs:line 34
Error c:\music\UmphreysMcGee2016-04-29.FirstAveMplsMN_BerlinerCardioid\2016-04-29FriUmphreysMcGeeFirstAveBerliner24_s1_tr06.ogg:
Error reading page header
   at TagLib.File.Create(IFileAbstraction abstraction, String mimetype, ReadStyle propertiesStyle)
   at TagLib.File.Create(String path, String mimetype, ReadStyle propertiesStyle)
   at TagLib.File.Create(String path)
   at musicmeta.MediaFile..ctor(String file) in c:\temp\teststuff\musicmeta\musicmeta\MediaFile.cs:line 34
Error c:\music\UmphreysMcGee2016-04-29.FirstAveMplsMN_BerlinerCardioid\2016-04-29FriUmphreysMcGeeFirstAveBerliner24_s1_tr07.mp3:
MPEG audio header not found.
   at TagLib.File.Create(IFileAbstraction abstraction, String mimetype, ReadStyle propertiesStyle)
   at TagLib.File.Create(String path, String mimetype, ReadStyle propertiesStyle)
   at TagLib.File.Create(String path)
   at musicmeta.MediaFile..ctor(String file) in c:\temp\teststuff\musicmeta\musicmeta\MediaFile.cs:line 34
Error c:\music\UmphreysMcGee2016-04-29.FirstAveMplsMN_BerlinerCardioid\2016-04-29FriUmphreysMcGeeFirstAveBerliner24_s1_tr07.ogg:
Error reading page header
   at TagLib.File.Create(IFileAbstraction abstraction, String mimetype, ReadStyle propertiesStyle)
   at TagLib.File.Create(String path, String mimetype, ReadStyle propertiesStyle)
   at TagLib.File.Create(String path)
   at musicmeta.MediaFile..ctor(String file) in c:\temp\teststuff\musicmeta\musicmeta\MediaFile.cs:line 34
Error c:\music\UmphreysMcGee2016-04-29.FirstAveMplsMN_BerlinerCardioid\2016-04-29FriUmphreysMcGeeFirstAveBerliner24_s2_tr01.mp3:
MPEG audio header not found.
   at TagLib.File.Create(IFileAbstraction abstraction, String mimetype, ReadStyle propertiesStyle)
   at TagLib.File.Create(String path, String mimetype, ReadStyle propertiesStyle)
   at TagLib.File.Create(String path)
   at musicmeta.MediaFile..ctor(String file) in c:\temp\teststuff\musicmeta\musicmeta\MediaFile.cs:line 34
Error c:\music\UmphreysMcGee2016-04-29.FirstAveMplsMN_BerlinerCardioid\2016-04-29FriUmphreysMcGeeFirstAveBerliner24_s2_tr01.ogg:
Error reading page header
   at TagLib.File.Create(IFileAbstraction abstraction, String mimetype, ReadStyle propertiesStyle)
   at TagLib.File.Create(String path, String mimetype, ReadStyle propertiesStyle)
   at TagLib.File.Create(String path)
   at musicmeta.MediaFile..ctor(String file) in c:\temp\teststuff\musicmeta\musicmeta\MediaFile.cs:line 34
Error c:\music\UmphreysMcGee2016-04-29.FirstAveMplsMN_BerlinerCardioid\2016-04-29FriUmphreysMcGeeFirstAveBerliner24_s2_tr02.mp3:
MPEG audio header not found.
   at TagLib.File.Create(IFileAbstraction abstraction, String mimetype, ReadStyle propertiesStyle)
   at TagLib.File.Create(String path, String mimetype, ReadStyle propertiesStyle)
   at TagLib.File.Create(String path)
   at musicmeta.MediaFile..ctor(String file) in c:\temp\teststuff\musicmeta\musicmeta\MediaFile.cs:line 34
Error c:\music\UmphreysMcGee2016-04-29.FirstAveMplsMN_BerlinerCardioid\2016-04-29FriUmphreysMcGeeFirstAveBerliner24_s2_tr02.ogg:
Error reading page header
   at TagLib.File.Create(IFileAbstraction abstraction, String mimetype, ReadStyle propertiesStyle)
   at TagLib.File.Create(String path, String mimetype, ReadStyle propertiesStyle)
   at TagLib.File.Create(String path)
   at musicmeta.MediaFile..ctor(String file) in c:\temp\teststuff\musicmeta\musicmeta\MediaFile.cs:line 34
Error c:\music\UmphreysMcGee2016-04-29.FirstAveMplsMN_BerlinerCardioid\2016-04-29FriUmphreysMcGeeFirstAveBerliner24_s2_tr03.mp3:
MPEG audio header not found.
   at TagLib.File.Create(IFileAbstraction abstraction, String mimetype, ReadStyle propertiesStyle)
   at TagLib.File.Create(String path, String mimetype, ReadStyle propertiesStyle)
   at TagLib.File.Create(String path)
   at musicmeta.MediaFile..ctor(String file) in c:\temp\teststuff\musicmeta\musicmeta\MediaFile.cs:line 34
Error c:\music\UmphreysMcGee2016-04-29.FirstAveMplsMN_BerlinerCardioid\2016-04-29FriUmphreysMcGeeFirstAveBerliner24_s2_tr03.ogg:
Error reading page header
   at TagLib.File.Create(IFileAbstraction abstraction, String mimetype, ReadStyle propertiesStyle)
   at TagLib.File.Create(String path, String mimetype, ReadStyle propertiesStyle)
   at TagLib.File.Create(String path)
   at musicmeta.MediaFile..ctor(String file) in c:\temp\teststuff\musicmeta\musicmeta\MediaFile.cs:line 34
Error c:\music\UmphreysMcGee2016-04-29.FirstAveMplsMN_BerlinerCardioid\2016-04-29FriUmphreysMcGeeFirstAveBerliner24_s2_tr04.mp3:
MPEG audio header not found.
   at TagLib.File.Create(IFileAbstraction abstraction, String mimetype, ReadStyle propertiesStyle)
   at TagLib.File.Create(String path, String mimetype, ReadStyle propertiesStyle)
   at TagLib.File.Create(String path)
   at musicmeta.MediaFile..ctor(String file) in c:\temp\teststuff\musicmeta\musicmeta\MediaFile.cs:line 34
Error c:\music\UmphreysMcGee2016-04-29.FirstAveMplsMN_BerlinerCardioid\2016-04-29FriUmphreysMcGeeFirstAveBerliner24_s2_tr04.ogg:
Error reading page header
   at TagLib.File.Create(IFileAbstraction abstraction, String mimetype, ReadStyle propertiesStyle)
   at TagLib.File.Create(String path, String mimetype, ReadStyle propertiesStyle)
   at TagLib.File.Create(String path)
   at musicmeta.MediaFile..ctor(String file) in c:\temp\teststuff\musicmeta\musicmeta\MediaFile.cs:line 34
Error c:\music\UmphreysMcGee2016-04-29.FirstAveMplsMN_BerlinerCardioid\2016-04-29FriUmphreysMcGeeFirstAveBerliner24_s2_tr05.mp3:
MPEG audio header not found.
   at TagLib.File.Create(IFileAbstraction abstraction, String mimetype, ReadStyle propertiesStyle)
   at TagLib.File.Create(String path, String mimetype, ReadStyle propertiesStyle)
   at TagLib.File.Create(String path)
   at musicmeta.MediaFile..ctor(String file) in c:\temp\teststuff\musicmeta\musicmeta\MediaFile.cs:line 34
Error c:\music\UmphreysMcGee2016-04-29.FirstAveMplsMN_BerlinerCardioid\2016-04-29FriUmphreysMcGeeFirstAveBerliner24_s2_tr05.ogg:
Error reading page header
   at TagLib.File.Create(IFileAbstraction abstraction, String mimetype, ReadStyle propertiesStyle)
   at TagLib.File.Create(String path, String mimetype, ReadStyle propertiesStyle)
   at TagLib.File.Create(String path)
   at musicmeta.MediaFile..ctor(String file) in c:\temp\teststuff\musicmeta\musicmeta\MediaFile.cs:line 34
Error c:\music\UmphreysMcGee2016-04-29.FirstAveMplsMN_BerlinerCardioid\2016-04-29FriUmphreysMcGeeFirstAveBerliner24_s2_tr06.mp3:
MPEG audio header not found.
   at TagLib.File.Create(IFileAbstraction abstraction, String mimetype, ReadStyle propertiesStyle)
   at TagLib.File.Create(String path, String mimetype, ReadStyle propertiesStyle)
   at TagLib.File.Create(String path)
   at musicmeta.MediaFile..ctor(String file) in c:\temp\teststuff\musicmeta\musicmeta\MediaFile.cs:line 34
Error c:\music\UmphreysMcGee2016-04-29.FirstAveMplsMN_BerlinerCardioid\2016-04-29FriUmphreysMcGeeFirstAveBerliner24_s2_tr06.ogg:
Error reading page header
   at TagLib.File.Create(IFileAbstraction abstraction, String mimetype, ReadStyle propertiesStyle)
   at TagLib.File.Create(String path, String mimetype, ReadStyle propertiesStyle)
   at TagLib.File.Create(String path)
   at musicmeta.MediaFile..ctor(String file) in c:\temp\teststuff\musicmeta\musicmeta\MediaFile.cs:line 34
Error c:\music\UmphreysMcGee2016-04-29.FirstAveMplsMN_BerlinerCardioid\2016-04-29FriUmphreysMcGeeFirstAveBerliner24_s2_tr07.mp3:
MPEG audio header not found.
   at TagLib.File.Create(IFileAbstraction abstraction, String mimetype, ReadStyle propertiesStyle)
   at TagLib.File.Create(String path, String mimetype, ReadStyle propertiesStyle)
   at TagLib.File.Create(String path)
   at musicmeta.MediaFile..ctor(String file) in c:\temp\teststuff\musicmeta\musicmeta\MediaFile.cs:line 34
Error c:\music\UmphreysMcGee2016-04-29.FirstAveMplsMN_BerlinerCardioid\2016-04-29FriUmphreysMcGeeFirstAveBerliner24_s2_tr07.ogg:
Error reading page header
   at TagLib.File.Create(IFileAbstraction abstraction, String mimetype, ReadStyle propertiesStyle)
   at TagLib.File.Create(String path, String mimetype, ReadStyle propertiesStyle)
   at TagLib.File.Create(String path)
   at musicmeta.MediaFile..ctor(String file) in c:\temp\teststuff\musicmeta\musicmeta\MediaFile.cs:line 34
Error c:\music\UmphreysMcGee2016-04-29.FirstAveMplsMN_BerlinerCardioid\2016-04-29FriUmphreysMcGeeFirstAveBerliner24_s2_tr08.mp3:
MPEG audio header not found.
   at TagLib.File.Create(IFileAbstraction abstraction, String mimetype, ReadStyle propertiesStyle)
   at TagLib.File.Create(String path, String mimetype, ReadStyle propertiesStyle)
   at TagLib.File.Create(String path)
   at musicmeta.MediaFile..ctor(String file) in c:\temp\teststuff\musicmeta\musicmeta\MediaFile.cs:line 34
Error c:\music\UmphreysMcGee2016-04-29.FirstAveMplsMN_BerlinerCardioid\2016-04-29FriUmphreysMcGeeFirstAveBerliner24_s2_tr08.ogg:
Error reading page header
   at TagLib.File.Create(IFileAbstraction abstraction, String mimetype, ReadStyle propertiesStyle)
   at TagLib.File.Create(String path, String mimetype, ReadStyle propertiesStyle)
   at TagLib.File.Create(String path)
   at musicmeta.MediaFile..ctor(String file) in c:\temp\teststuff\musicmeta\musicmeta\MediaFile.cs:line 34
